Number of true cell types: 8
Cell type distribution:
louvain
CD4 T cells          1144
CD14+ Monocytes       480
B cells               342
CD8 T cells           316
NK cells              154
FCGR3A+ Monocytes     150
Dendritic cells        37
Megakaryocytes         15
Name: count, dtype: int64

D:\260414_final_571\02_clustering.py:52: UserWarning: FigureCanvasAgg is non-interactive, and thus cannot be shown
  plt.show()
D:\260414_final_571\02_clustering.py:68: FutureWarning: In the future, the default backend for leiden will be igraph instead of leidenalg.

 To achieve the future defaults please pass: flavor="igraph" and n_iterations=2.  directed must also be False to work with igraph's implementation.
  sc.tl.leiden(adata, resolution=res, key_added=key)
Leiden clustering results across resolutions:
 resolution  n_clusters      ARI      NMI
        0.1           4 0.585005 0.724891
        0.2           5 0.701964 0.799727
        0.3           5 0.853425 0.845523
        0.5           6 0.865996 0.859468
        0.8           8 0.940189 0.914066
        1.0           8 0.922825 0.899325
        1.5          13 0.443233 0.727591
        2.0          20 0.352261 0.661303

Best Leiden resolution: 0.8

Method                    Clusters      ARI      NMI
----------------------------------------------------
K-means                          8   0.8977   0.8838
Leiden (res=0.8)                 8   0.9402   0.9141
Leiden (res=1.0)                 8   0.9228   0.8993
D:\260414_final_571\02_clustering.py:122: UserWarning: FigureCanvasAgg is non-interactive, and thus cannot be shown
  plt.show()
D:\260414_final_571\02_clustering.py:138: UserWarning: FigureCanvasAgg is non-interactive, and thus cannot be shown
  plt.show()
