Train: 1582, Val: 528, Test: 528
Epoch   0 | Loss: 1.6231 | Val Acc: 0.2898
Epoch  10 | Loss: 0.2377 | Val Acc: 0.4659
Epoch  20 | Loss: 0.1219 | Val Acc: 0.5095
Epoch  30 | Loss: 0.0868 | Val Acc: 0.5492
Epoch  40 | Loss: 0.0667 | Val Acc: 0.5739
Epoch  50 | Loss: 0.0495 | Val Acc: 0.6231
Epoch  60 | Loss: 0.0426 | Val Acc: 0.6856
Epoch  70 | Loss: 0.0293 | Val Acc: 0.7765
Epoch  80 | Loss: 0.0254 | Val Acc: 0.8371
Epoch  90 | Loss: 0.0217 | Val Acc: 0.8731

==================================================
Deep Learning Test Accuracy: 0.9205
==================================================
                   precision    recall  f1-score   support

          B cells       0.97      1.00      0.99        69
  CD14+ Monocytes       0.95      0.99      0.97        96
      CD4 T cells       0.98      0.88      0.93       229
      CD8 T cells       0.68      0.92      0.78        63
  Dendritic cells       1.00      0.86      0.92         7
FCGR3A+ Monocytes       0.90      0.87      0.88        30
   Megakaryocytes       1.00      0.67      0.80         3
         NK cells       1.00      0.90      0.95        31

         accuracy                           0.92       528
        macro avg       0.93      0.89      0.90       528
     weighted avg       0.93      0.92      0.92       528

D:\260414_final_571\03_deep_learning.py:180: UserWarning: FigureCanvasAgg is non-interactive, and thus cannot be shown
  plt.show()
D:\260414_final_571\03_deep_learning.py:190: UserWarning: FigureCanvasAgg is non-interactive, and thus cannot be shown
  plt.show()
